[23:45:00] [main/INFO]: Setting user: Player962
[23:45:01] [Client thread/INFO]: LWJGL Version: 2.9.1
[23:45:10] [Client thread/INFO]: Reloading ResourceManager: Default, FMLFileResourcePack:Forge Mod Loader, FMLFileResourcePack:Minecraft Forge, FMLFileResourcePack:Stripped Logs
[23:45:10] [Sound Library Loader/INFO]: Sound engine started
[23:45:12] [Client thread/INFO]: Created: 16x16 textures/blocks-atlas
[23:45:12] [Client thread/INFO]: Created: 16x16 textures/items-atlas
[23:45:12] [Client thread/INFO]: Reloading ResourceManager: Default, FMLFileResourcePack:Forge Mod Loader, FMLFileResourcePack:Minecraft Forge, FMLFileResourcePack:Stripped Logs
[23:45:12] [Client thread/INFO]: Created: 512x256 textures/blocks-atlas
[23:45:12] [Client thread/INFO]: Created: 256x256 textures/items-atlas
[23:45:13] [Sound Library Loader/INFO]: Sound engine started
[23:45:20] [Server thread/INFO]: Starting integrated minecraft server version 1.7.10
[23:45:20] [Server thread/INFO]: Generating keypair
[23:45:21] [Server thread/INFO]: Preparing start region for level 0
[23:45:21] [Server thread/INFO]: Changing view distance to 12, from 10
[23:45:22] [Server thread/INFO]: Player962[local:E:5e8d154b] logged in with entity id 389 at (-41.24623539408207, 76.16610926093821, 289.99718586955805)
[23:45:22] [Server thread/INFO]: Player962 joined the game
[23:45:25] [Client thread/INFO]: Warning: Clientside chunk ticking took 111 ms
[23:45:27] [Client thread/INFO]: [CHAT] sl:BlockTable, sl:ItemTable
[23:45:27] [Server thread/INFO]: [Player962: Given [tile.BlockTable.name] * 1 to Player962]
[23:45:27] [Client thread/INFO]: [CHAT] Given [tile.BlockTable.name] * 1 to Player962
[23:45:31] [Server thread/INFO]: Saving and pausing game...
[23:45:31] [Server thread/INFO]: Saving chunks for level 'New World'/Overworld
[23:45:31] [Server thread/INFO]: Saving chunks for level 'New World'/Nether
[23:45:31] [Server thread/INFO]: Saving chunks for level 'New World'/The End
[23:45:31] [Server thread/INFO]: Stopping server
[23:45:31] [Server thread/INFO]: Saving players
[23:45:31] [Server thread/INFO]: Saving worlds
[23:45:31] [Server thread/INFO]: Saving chunks for level 'New World'/Overworld
[23:45:31] [Server thread/INFO]: Saving chunks for level 'New World'/Nether
[23:45:31] [Server thread/INFO]: Saving chunks for level 'New World'/The End
